[    0.000000] Linux version 4.15.0-167-generic (buildd@lcy02-amd64-045) (gcc version 7.5.0 (Ubuntu 7.5.0-3ubuntu1~18.04)) #175-Ubuntu SMP Wed Jan 5 01:56:07 UTC 2022 (Ubuntu 4.15.0-167.175-generic 4.15.18)
[    0.000000] Command line: BOOT_IMAGE=/boot/vmlinuz-4.15.0-167-generic root=LABEL=cloudimg-rootfs ro console=tty1 console=ttyS0
[    0.000000] KERNEL supported cpus:
[    0.000000]   Intel GenuineIntel
[    0.000000]   AMD AuthenticAMD
[    0.000000]   Centaur CentaurHauls
[    0.000000] x86/fpu: Supporting XSAVE feature 0x001: 'x87 floating point registers'
[    0.000000] x86/fpu: Supporting XSAVE feature 0x002: 'SSE registers'
[    0.000000] x86/fpu: Supporting XSAVE feature 0x004: 'AVX registers'
[    0.000000] x86/fpu: xstate_offset[2]:  576, xstate_sizes[2]:  256
[    0.000000] x86/fpu: Enabled xstate features 0x7, context size is 832 bytes, using 'standard' format.
[    0.000000] e820: BIOS-provided physical RAM map:
[    0.000000] BIOS-e820: [mem 0x0000000000000000-0x000000000009fbff] usable
[    0.000000] BIOS-e820: [mem 0x000000000009fc00-0x000000000009ffff] reserved
[    0.000000] BIOS-e820: [mem 0x00000000000f0000-0x00000000000fffff] reserved
[    0.000000] BIOS-e820: [mem 0x0000000000100000-0x000000007ffeffff] usable
[    0.000000] BIOS-e820: [mem 0x000000007fff0000-0x000000007fffffff] ACPI data
[    0.000000] BIOS-e820: [mem 0x00000000fec00000-0x00000000fec00fff] reserved
[    0.000000] BIOS-e820: [mem 0x00000000fee00000-0x00000000fee00fff] reserved
[    0.000000] BIOS-e820: [mem 0x00000000fffc0000-0x00000000ffffffff] reserved
[    0.000000] NX (Execute Disable) protection: active
[    0.000000] SMBIOS 2.5 present.
[    0.000000] DMI: innotek GmbH VirtualBox/VirtualBox, BIOS VirtualBox 12/01/2006
[    0.000000] Hypervisor detected: KVM
[    0.000000] e820: last_pfn = 0x7fff0 max_arch_pfn = 0x400000000
[    0.000000] MTRR: Disabled
[    0.000000] x86/PAT: MTRRs disabled, skipping PAT initialization too.
[    0.000000] CPU MTRRs all blank - virtualized system.
[    0.000000] x86/PAT: Configuration [0-7]: WB  WT  UC- UC  WB  WT  UC- UC  
[    0.000000] found SMP MP-table at [mem 0x0009fff0-0x0009ffff]
[    0.000000] Scanning 1 areas for low memory corruption
[    0.000000] RAMDISK: [mem 0x359c9000-0x36cdbfff]
[    0.000000] ACPI: Early table checksum verification disabled
[    0.000000] ACPI: RSDP 0x00000000000E0000 000024 (v02 VBOX  )
[    0.000000] ACPI: XSDT 0x000000007FFF0030 00003C (v01 VBOX   VBOXXSDT 00000001 ASL  00000061)
[    0.000000] ACPI: FACP 0x000000007FFF00F0 0000F4 (v04 VBOX   VBOXFACP 00000001 ASL  00000061)
[    0.000000] ACPI: DSDT 0x000000007FFF0480 002325 (v02 VBOX   VBOXBIOS 00000002 INTL 20190509)
[    0.000000] ACPI: FACS 0x000000007FFF0200 000040
[    0.000000] ACPI: FACS 0x000000007FFF0200 000040
[    0.000000] ACPI: APIC 0x000000007FFF0240 00006C (v02 VBOX   VBOXAPIC 00000001 ASL  00000061)
[    0.000000] ACPI: SSDT 0x000000007FFF02B0 0001CC (v01 VBOX   VBOXCPUT 00000002 INTL 20190509)
[    0.000000] ACPI: Reserving FACP table memory at [mem 0x7fff00f0-0x7fff01e3]
[    0.000000] ACPI: Reserving DSDT table memory at [mem 0x7fff0480-0x7fff27a4]
[    0.000000] ACPI: Reserving FACS table memory at [mem 0x7fff0200-0x7fff023f]
[    0.000000] ACPI: Reserving FACS table memory at [mem 0x7fff0200-0x7fff023f]
[    0.000000] ACPI: Reserving APIC table memory at [mem 0x7fff0240-0x7fff02ab]
[    0.000000] ACPI: Reserving SSDT table memory at [mem 0x7fff02b0-0x7fff047b]
[    0.000000] No NUMA configuration found
[    0.000000] Faking a node at [mem 0x0000000000000000-0x000000007ffeffff]
[    0.000000] NODE_DATA(0) allocated [mem 0x7ffc5000-0x7ffeffff]
[    0.000000] kvm-clock: cpu 0, msr 0:7ff44001, primary cpu clock
[    0.000000] kvm-clock: Using msrs 4b564d01 and 4b564d00
[    0.000000] kvm-clock: using sched offset of 3155563239 cycles
[    0.000000] clocksource: kvm-clock: mask: 0xffffffffffffffff max_cycles: 0x1cd42e4dffb, max_idle_ns: 881590591483 ns
[    0.000000] Zone ranges:
[    0.000000]   DMA      [mem 0x0000000000001000-0x0000000000ffffff]
[    0.000000]   DMA32    [mem 0x0000000001000000-0x000000007ffeffff]
[    0.000000]   Normal   empty
[    0.000000]   Device   empty
[    0.000000] Movable zone start for each node
[    0.000000] Early memory node ranges
[    0.000000]   node   0: [mem 0x0000000000001000-0x000000000009efff]
[    0.000000]   node   0: [mem 0x0000000000100000-0x000000007ffeffff]
[    0.000000] Reserved but unavailable: 104 pages
[    0.000000] Initmem setup node 0 [mem 0x0000000000001000-0x000000007ffeffff]
[    0.000000] ACPI: PM-Timer IO Port: 0x4008
[    0.000000] IOAPIC[0]: apic_id 4, version 32, address 0xfec00000, GSI 0-23
[    0.000000] ACPI: INT_SRC_OVR (bus 0 bus_irq 0 global_irq 2 dfl dfl)
[    0.000000] ACPI: INT_SRC_OVR (bus 0 bus_irq 9 global_irq 9 low level)
[    0.000000] Using ACPI (MADT) for SMP configuration information
[    0.000000] smpboot: Allowing 4 CPUs, 0 hotplug CPUs
[    0.000000] PM: Registered nosave memory: [mem 0x00000000-0x00000fff]
[    0.000000] PM: Registered nosave memory: [mem 0x0009f000-0x0009ffff]
[    0.000000] PM: Registered nosave memory: [mem 0x000a0000-0x000effff]
[    0.000000] PM: Registered nosave memory: [mem 0x000f0000-0x000fffff]
[    0.000000] e820: [mem 0x80000000-0xfebfffff] available for PCI devices
[    0.000000] Booting paravirtualized kernel on KVM
[    0.000000] clocksource: refined-jiffies: mask: 0xffffffff max_cycles: 0xffffffff, max_idle_ns: 7645519600211568 ns
[    0.000000] random: get_random_bytes called from start_kernel+0x99/0x500 with crng_init=0
[    0.000000] setup_percpu: NR_CPUS:8192 nr_cpumask_bits:4 nr_cpu_ids:4 nr_node_ids:1
[    0.000000] percpu: Embedded 50 pages/cpu s167936 r8192 d28672 u524288
[    0.000000] PV qspinlock hash table entries: 256 (order: 0, 4096 bytes)
[    0.000000] Built 1 zonelists, mobility grouping on.  Total pages: 515961
[    0.000000] Policy zone: DMA32
[    0.000000] Kernel command line: BOOT_IMAGE=/boot/vmlinuz-4.15.0-167-generic root=LABEL=cloudimg-rootfs ro console=tty1 console=ttyS0
[    0.000000] Memory: 2014428K/2096696K available (12300K kernel code, 2483K rwdata, 4324K rodata, 2476K init, 2724K bss, 82268K reserved, 0K cma-reserved)
[    0.000000] SLUB: HWalign=64, Order=0-3, MinObjects=0, CPUs=4, Nodes=1
[    0.000000] Kernel/User page tables isolation: enabled
[    0.000000] ftrace: allocating 39494 entries in 155 pages
[    0.004000] Hierarchical RCU implementation.
[    0.004000] 	RCU restricting CPUs from NR_CPUS=8192 to nr_cpu_ids=4.
[    0.004000] 	Tasks RCU enabled.
[    0.004000] RCU: Adjusting geometry for rcu_fanout_leaf=16, nr_cpu_ids=4
[    0.004000] NR_IRQS: 524544, nr_irqs: 456, preallocated irqs: 16
[    0.004000] Console: colour VGA+ 80x25
[    0.004000] console [tty1] enabled
[    0.004000] console [ttyS0] enabled
[    0.004000] ACPI: Core revision 20170831
[    0.004000] ACPI: 2 ACPI AML tables successfully acquired and loaded
[    0.004000] APIC: Switch to symmetric I/O mode setup
[    0.004000] x2apic enabled
[    0.004000] Switched APIC routing to physical x2apic.
[    0.004000] ..TIMER: vector=0x30 apic1=0 pin1=2 apic2=-1 pin2=-1
[    0.004000] tsc: Detected 2592.004 MHz processor
[    0.004007] Calibrating delay loop (skipped) preset value.. 5184.00 BogoMIPS (lpj=10368016)
[    0.004960] pid_max: default: 32768 minimum: 301
[    0.005581] Security Framework initialized
[    0.006037] Yama: becoming mindful.
[    0.006448] AppArmor: AppArmor initialized
[    0.007609] Dentry cache hash table entries: 262144 (order: 9, 2097152 bytes)
[    0.008416] Inode-cache hash table entries: 131072 (order: 8, 1048576 bytes)
[    0.009296] Mount-cache hash table entries: 4096 (order: 3, 32768 bytes)
[    0.010207] Mountpoint-cache hash table entries: 4096 (order: 3, 32768 bytes)
[    0.011263] Last level iTLB entries: 4KB 64, 2MB 8, 4MB 8
[    0.012002] Last level dTLB entries: 4KB 64, 2MB 0, 4MB 0, 1GB 4
[    0.012723] Spectre V1 : Mitigation: usercopy/swapgs barriers and __user pointer sanitization
[    0.013714] Spectre V2 : Mitigation: Full generic retpoline
[    0.014495] Spectre V2 : Spectre v2 / SpectreRSB mitigation: Filling RSB on context switch
[    0.015549] Speculative Store Bypass: Vulnerable
[    0.016050] SRBDS: Unknown: Dependent on hypervisor status
[    0.016722] MDS: Mitigation: Clear CPU buffers
[    0.017420] Freeing SMP alternatives memory: 36K
[    0.128184] smpboot: CPU0: Intel(R) Core(TM) i7-9750H CPU @ 2.60GHz (family: 0x6, model: 0x9e, stepping: 0xa)
[    0.129425] Performance Events: unsupported p6 CPU model 158 no PMU driver, software events only.
[    0.130487] Hierarchical SRCU implementation.
[    0.131596] NMI watchdog: Perf event create on CPU 0 failed with -2
[    0.132001] NMI watchdog: Perf NMI watchdog permanently disabled
[    0.132749] smp: Bringing up secondary CPUs ...
[    0.133376] x86: Booting SMP configuration:
[    0.133912] .... node  #0, CPUs:      #1
[    0.004000] kvm-clock: cpu 1, msr 0:7ff44041, secondary cpu clock
[    0.136055]  #2
[    0.004000] kvm-clock: cpu 2, msr 0:7ff44081, secondary cpu clock
[    0.140057]  #3
[    0.004000] kvm-clock: cpu 3, msr 0:7ff440c1, secondary cpu clock
[    0.143036] smp: Brought up 1 node, 4 CPUs
[    0.144002] smpboot: Max logical packages: 1
[    0.144560] smpboot: Total of 4 processors activated (20736.03 BogoMIPS)
[    0.145426] devtmpfs: initialized
[    0.145426] x86/mm: Memory block size: 128MB
[    0.145426] evm: security.selinux
[    0.145595] evm: security.SMACK64
[    0.146021] evm: security.SMACK64EXEC
[    0.148002] evm: security.SMACK64TRANSMUTE
[    0.148536] evm: security.SMACK64MMAP
[    0.148990] evm: security.apparmor
[    0.149411] evm: security.ima
[    0.149784] evm: security.capability
[    0.150240] clocksource: jiffies: mask: 0xffffffff max_cycles: 0xffffffff, max_idle_ns: 7645041785100000 ns
[    0.152007] futex hash table entries: 1024 (order: 4, 65536 bytes)
[    0.152819] pinctrl core: initialized pinctrl subsystem
[    0.153516] RTC time: 21:30:14, date: 02/23/22
[    0.154235] NET: Registered protocol family 16
[    0.154836] audit: initializing netlink subsys (disabled)
[    0.156022] audit: type=2000 audit(1645651819.177:1): state=initialized audit_enabled=0 res=1
[    0.156132] cpuidle: using governor ladder
[    0.156541] cpuidle: using governor menu
[    0.157030] ACPI: bus type PCI registered
[    0.157503] acpiphp: ACPI Hot Plug PCI Controller Driver version: 0.5
[    0.160063] PCI: Using configuration type 1 for base access
[    0.160861] HugeTLB registered 2.00 MiB page size, pre-allocated 0 pages
[    0.160861] ACPI: Added _OSI(Module Device)
[    0.160861] ACPI: Added _OSI(Processor Device)
[    0.164002] ACPI: Added _OSI(3.0 _SCP Extensions)
[    0.164657] ACPI: Added _OSI(Processor Aggregator Device)
[    0.165288] ACPI: Added _OSI(Linux-Dell-Video)
[    0.165813] ACPI: Added _OSI(Linux-Lenovo-NV-HDMI-Audio)
[    0.166421] ACPI: Added _OSI(Linux-HPI-Hybrid-Graphics)
[    0.167204] ACPI: Executed 1 blocks of module-level executable AML code
[    0.170240] ACPI: Interpreter enabled
[    0.170737] ACPI: (supports S0 S5)
[    0.171145] ACPI: Using IOAPIC for interrupt routing
[    0.171859] PCI: Using host bridge windows from ACPI; if necessary, use "pci=nocrs" and report a bug
[    0.172112] ACPI: Enabled 2 GPEs in block 00 to 07
[    0.177781] ACPI: PCI Root Bridge [PCI0] (domain 0000 [bus 00-ff])
[    0.178509] acpi PNP0A03:00: _OSC: OS supports [ASPM ClockPM Segments MSI]
[    0.179621] acpi PNP0A03:00: _OSC: not requesting OS control; OS requires [ExtendedConfig ASPM ClockPM MSI]
[    0.180008] acpi PNP0A03:00: fail to add MMCONFIG information, can't access extended PCI configuration space under this bridge.
[    0.181576] PCI host bridge to bus 0000:00
[    0.182074] pci_bus 0000:00: root bus resource [io  0x0000-0x0cf7 window]
[    0.182836] pci_bus 0000:00: root bus resource [io  0x0d00-0xffff window]
[    0.184002] pci_bus 0000:00: root bus resource [mem 0x000a0000-0x000bffff window]
[    0.185383] pci_bus 0000:00: root bus resource [mem 0x80000000-0xfdffffff window]
[    0.186288] pci_bus 0000:00: root bus resource [bus 00-ff]
[    0.188463] pci 0000:00:01.1: legacy IDE quirk: reg 0x10: [io  0x01f0-0x01f7]
[    0.189302] pci 0000:00:01.1: legacy IDE quirk: reg 0x14: [io  0x03f6]
[    0.190068] pci 0000:00:01.1: legacy IDE quirk: reg 0x18: [io  0x0170-0x0177]
[    0.190879] pci 0000:00:01.1: legacy IDE quirk: reg 0x1c: [io  0x0376]
[    0.205179] pci 0000:00:07.0: quirk: [io  0x4000-0x403f] claimed by PIIX4 ACPI
[    0.206086] pci 0000:00:07.0: quirk: [io  0x4100-0x410f] claimed by PIIX4 SMB
[    0.216556] ACPI: PCI Interrupt Link [LNKA] (IRQs 5 9 10 *11)
[    0.217587] ACPI: PCI Interrupt Link [LNKB] (IRQs 5 9 *10 11)
[    0.218457] ACPI: PCI Interrupt Link [LNKC] (IRQs 5 *9 10 11)
[    0.220080] ACPI: PCI Interrupt Link [LNKD] (IRQs 5 9 10 *11)
[    0.221162] SCSI subsystem initialized
[    0.221736] pci 0000:00:02.0: vgaarb: setting as boot VGA device
[    0.221736] pci 0000:00:02.0: vgaarb: VGA device added: decodes=io+mem,owns=io+mem,locks=none
[    0.224009] pci 0000:00:02.0: vgaarb: bridge control possible
[    0.224828] vgaarb: loaded
[    0.225253] ACPI: bus type USB registered
[    0.225832] usbcore: registered new interface driver usbfs
[    0.226568] usbcore: registered new interface driver hub
[    0.227285] usbcore: registered new device driver usb
[    0.228026] EDAC MC: Ver: 3.0.0
[    0.228626] PCI: Using ACPI for IRQ routing
[    0.228784] NetLabel: Initializing
[    0.229288] NetLabel:  domain hash size = 128
[    0.229898] NetLabel:  protocols = UNLABELED CIPSOv4 CALIPSO
[    0.230669] NetLabel:  unlabeled traffic allowed by default
[    0.232116] clocksource: Switched to clocksource kvm-clock
[    0.240203] VFS: Disk quotas dquot_6.6.0
[    0.240794] VFS: Dquot-cache hash table entries: 512 (order 0, 4096 bytes)
[    0.241765] AppArmor: AppArmor Filesystem Enabled
[    0.242448] pnp: PnP ACPI init
[    0.243568] pnp: PnP ACPI: found 3 devices
[    0.251304] clocksource: acpi_pm: mask: 0xffffff max_cycles: 0xffffff, max_idle_ns: 2085701024 ns
[    0.252552] NET: Registered protocol family 2
[    0.253202] IP idents hash table entries: 32768 (order: 6, 262144 bytes)
[    0.254286] TCP established hash table entries: 16384 (order: 5, 131072 bytes)
[    0.255308] TCP bind hash table entries: 16384 (order: 6, 262144 bytes)
[    0.256200] TCP: Hash tables configured (established 16384 bind 16384)
[    0.257107] UDP hash table entries: 1024 (order: 3, 32768 bytes)
[    0.257929] UDP-Lite hash table entries: 1024 (order: 3, 32768 bytes)
[    0.258797] NET: Registered protocol family 1
[    0.259405] pci 0000:00:00.0: Limiting direct PCI/PCI transfers
[    0.260226] pci 0000:00:01.0: Activating ISA DMA hang workarounds
[    0.261058] pci 0000:00:02.0: Video device with shadowed ROM at [mem 0x000c0000-0x000dffff]
[    0.262240] Unpacking initramfs...
[    0.459911] Freeing initrd memory: 19532K
[    0.460980] clocksource: tsc: mask: 0xffffffffffffffff max_cycles: 0x255cbae350f, max_idle_ns: 440795327587 ns
[    0.462282] platform rtc_cmos: registered platform RTC device (no PNP device found)
[    0.463280] Scanning for low memory corruption every 60 seconds
[    0.464582] Initialise system trusted keyrings
[    0.465199] Key type blacklist registered
[    0.465824] workingset: timestamp_bits=36 max_order=19 bucket_order=0
[    0.467264] zbud: loaded
[    0.468216] squashfs: version 4.0 (2009/01/31) Phillip Lougher
[    0.469179] fuse init (API version 7.26)
[    0.471636] Key type asymmetric registered
[    0.472318] Asymmetric key parser 'x509' registered
[    0.472994] Block layer SCSI generic (bsg) driver version 0.4 loaded (major 246)
[    0.474101] io scheduler noop registered
[    0.474984] io scheduler deadline registered
[    0.475627] io scheduler cfq registered (default)
[    0.477273] ACPI: AC Adapter [AC] (on-line)
[    0.477900] input: Power Button as /devices/LNXSYSTM:00/LNXPWRBN:00/input/input0
[    0.479029] ACPI: Power Button [PWRF]
[    0.479715] input: Sleep Button as /devices/LNXSYSTM:00/LNXSLPBN:00/input/input1
[    0.480915] ACPI: Sleep Button [SLPF]
[    0.482203] ACPI: Battery Slot [BAT0] (battery present)
[    0.483780] Serial: 8250/16550 driver, 32 ports, IRQ sharing enabled
[    0.505231] 00:02: ttyS0 at I/O 0x3f8 (irq = 4, base_baud = 115200) is a 16550A
[    0.508366] Linux agpgart interface v0.103
[    0.510166] loop: module loaded
[    0.510924] scsi host0: ata_piix
[    0.511514] scsi host1: ata_piix
[    0.512026] ata1: PATA max UDMA/33 cmd 0x1f0 ctl 0x3f6 bmdma 0xd000 irq 14
[    0.512959] ata2: PATA max UDMA/33 cmd 0x170 ctl 0x376 bmdma 0xd008 irq 15
[    0.513969] libphy: Fixed MDIO Bus: probed
[    0.514594] tun: Universal TUN/TAP device driver, 1.6
[    0.515336] PPP generic driver version 2.4.2
[    0.516017] ehci_hcd: USB 2.0 'Enhanced' Host Controller (EHCI) Driver
[    0.516927] ehci-pci: EHCI PCI platform driver
[    0.517542] ehci-platform: EHCI generic platform driver
[    0.518305] ohci_hcd: USB 1.1 'Open' Host Controller (OHCI) Driver
[    0.519102] ohci-pci: OHCI PCI platform driver
[    0.519697] ohci-platform: OHCI generic platform driver
[    0.520526] uhci_hcd: USB Universal Host Controller Interface driver
[    0.521393] i8042: PNP: PS/2 Controller [PNP0303:PS2K,PNP0f03:PS2M] at 0x60,0x64 irq 1,12
[    0.522809] serio: i8042 KBD port at 0x60,0x64 irq 1
[    0.523510] serio: i8042 AUX port at 0x60,0x64 irq 12
[    0.524379] mousedev: PS/2 mouse device common for all mice
[    0.525605] rtc_cmos rtc_cmos: rtc core: registered rtc_cmos as rtc0
[    0.526525] input: AT Translated Set 2 keyboard as /devices/platform/i8042/serio0/input/input2
[    0.527651] rtc_cmos rtc_cmos: alarms up to one day, 114 bytes nvram
[    0.528665] i2c /dev entries driver
[    0.529190] device-mapper: uevent: version 1.0.3
[    0.529929] device-mapper: ioctl: 4.37.0-ioctl (2017-09-20) initialised: dm-devel@redhat.com
[    0.531248] ledtrig-cpu: registered to indicate activity on CPUs
[    0.532380] NET: Registered protocol family 10
[    0.536925] Segment Routing with IPv6
[    0.537460] NET: Registered protocol family 17
[    0.538154] Key type dns_resolver registered
[    0.539143] mce: Using 0 MCE banks
[    0.539629] RAS: Correctable Errors collector initialized.
[    0.540486] sched_clock: Marking stable (540469451, 0)->(642794912, -102325461)
[    0.541984] registered taskstats version 1
[    0.542558] Loading compiled-in X.509 certificates
[    0.545312] Loaded X.509 cert 'Build time autogenerated kernel key: 51c91b167e8daada285dd448a981da05683ebd03'
[    0.547009] Loaded X.509 cert 'Canonical Ltd. Live Patch Signing: 14df34d1a87cf37625abec039ef2bf521249b969'
[    0.548775] Loaded X.509 cert 'Canonical Ltd. Kernel Module Signing: 88f752e560a1e0737e31163a466ad7b70a850c19'
[    0.550099] blacklist: Loading compiled-in revocation X.509 certificates
[    0.551005] Loaded X.509 cert 'Canonical Ltd. Secure Boot Signing: 61482aa2830d0ab2ad5af10b7250da9033ddcef0'
[    0.552393] zswap: loaded using pool lzo/zbud
[    0.556342] Key type big_key registered
[    0.556868] Key type trusted registered
[    0.558914] Key type encrypted registered
[    0.559469] AppArmor: AppArmor sha1 policy hashing enabled
[    0.560284] ima: No TPM chip found, activating TPM-bypass! (rc=-19)
[    0.561136] ima: Allocated hash algorithm: sha1
[    0.561772] evm: HMAC attrs: 0x1
[    0.562391]   Magic number: 10:410:551
[    0.562911] tty ttyS27: hash matches
[    0.563422] clockevents clockevent2: hash matches
[    0.564157] acpi PNP0C0F:02: hash matches
[    0.564818] rtc_cmos rtc_cmos: setting system clock to 2022-02-23 21:30:14 UTC (1645651814)
[    0.566134] BIOS EDD facility v0.16 2004-Jun-25, 0 devices found
[    0.566922] EDD information not available.
[    0.697734] Freeing unused kernel image memory: 2476K
[    0.745968] Write protecting the kernel read-only data: 20480k
[    0.748743] Freeing unused kernel image memory: 2008K
[    0.750840] Freeing unused kernel image memory: 1820K
[    0.756908] x86/mm: Checked W+X mappings: passed, no W+X pages found.
[    0.757680] x86/mm: Checking user space page tables
[    0.763140] x86/mm: Checked W+X mappings: passed, no W+X pages found.
Loading, please wait...
starting version 237
[    0.801397] Fusion MPT base driver 3.04.20
[    0.802191] Copyright (c) 1999-2008 LSI Corporation
[    0.802870] e1000: Intel(R) PRO/1000 Network Driver - version 7.3.21-k8-NAPI
[    0.803868] e1000: Copyright (c) 1999-2006 Intel Corporation.
[    0.808997] Fusion MPT SPI Host driver 3.04.20
[    0.810021] AVX2 version of gcm_enc/dec engaged.
[    0.810659] AES CTR mode by8 optimization enabled
[    1.009910] input: ImExPS/2 Generic Explorer Mouse as /devices/platform/i8042/serio1/input/input4
[    1.156192] e1000 0000:00:03.0 eth0: (PCI:33MHz:32-bit) 02:3b:ab:4a:a3:42
[    1.157141] e1000 0000:00:03.0 eth0: Intel(R) PRO/1000 Network Connection
[    1.514353] e1000 0000:00:08.0 eth1: (PCI:33MHz:32-bit) 08:00:27:7a:28:9e
[    1.515562] e1000 0000:00:08.0 eth1: Intel(R) PRO/1000 Network Connection
[    1.518164] e1000 0000:00:08.0 enp0s8: renamed from eth1
[    1.519267] mptbase: ioc0: Initiating bringup
[    1.536451] e1000 0000:00:03.0 enp0s3: renamed from eth0
[    1.719830] ioc0: LSI53C1030 A0: Capabilities={Initiator}
[    3.769985] scsi host2: ioc0: LSI53C1030 A0, FwRev=00000000h, Ports=1, MaxQ=256, IRQ=20
[    5.133305] scsi 2:0:0:0: Direct-Access     VBOX     HARDDISK         1.0  PQ: 0 ANSI: 5
[    5.716418] scsi target2:0:0: Beginning Domain Validation
[    5.717733] scsi target2:0:0: Domain Validation skipping write tests
[    5.718602] scsi target2:0:0: Ending Domain Validation
[    5.719338] scsi target2:0:0: asynchronous
[    5.720202] scsi 2:0:1:0: Direct-Access     VBOX     HARDDISK         1.0  PQ: 0 ANSI: 5
[    6.492053] scsi target2:0:1: Beginning Domain Validation
[    6.493403] random: fast init done
[    6.493975] scsi target2:0:1: Domain Validation skipping write tests
[    6.494867] scsi target2:0:1: Ending Domain Validation
[    6.495628] scsi target2:0:1: asynchronous
[    6.498380] random: systemd-udevd: uninitialized urandom read (16 bytes read)
[    6.498668] sd 2:0:0:0: [sda] 83886080 512-byte logical blocks: (42.9 GB/40.0 GiB)
[    6.499510] sd 2:0:0:0: Attached scsi generic sg0 type 0
[    6.499516] random: systemd-udevd: uninitialized urandom read (16 bytes read)
[    6.499530] random: systemd-udevd: uninitialized urandom read (16 bytes read)
[    6.503466] sd 2:0:0:0: [sda] Write Protect is off
[    6.504991] sd 2:0:1:0: Attached scsi generic sg1 type 0
[    6.507429] sd 2:0:0:0: [sda] Incomplete mode parameter data
[    6.507430] sd 2:0:1:0: [sdb] 20480 512-byte logical blocks: (10.5 MB/10.0 MiB)
[    6.507474] sd 2:0:1:0: [sdb] Write Protect is off
[    6.508257] sd 2:0:0:0: [sda] Assuming drive cache: write through
[    6.511188] sd 2:0:1:0: [sdb] Incomplete mode parameter data
[    6.511940] sd 2:0:1:0: [sdb] Assuming drive cache: write through
[    6.517450]  sda: sda1
[    6.518789] sd 2:0:0:0: [sda] Attached SCSI disk
[    6.519097] sd 2:0:1:0: [sdb] Attached SCSI disk
Begin: Loading essential drivers ... [    7.904031] raid6: sse2x1   gen() 14093 MB/s
[    7.952028] raid6: sse2x1   xor() 10182 MB/s
[    8.000031] raid6: sse2x2   gen() 17368 MB/s
[    8.048059] raid6: sse2x2   xor() 11674 MB/s
[    8.096034] raid6: sse2x4   gen() 19734 MB/s
[    8.144038] raid6: sse2x4   xor() 12248 MB/s
[    8.192043] raid6: avx2x1   gen() 27992 MB/s
[    8.240041] raid6: avx2x1   xor() 19533 MB/s
[    8.288030] raid6: avx2x2   gen() 26735 MB/s
[    8.336031] raid6: avx2x2   xor() 20573 MB/s
[    8.384034] raid6: avx2x4   gen() 38120 MB/s
[    8.432032] raid6: avx2x4   xor() 22982 MB/s
[    8.432618] raid6: using algorithm avx2x4 gen() 38120 MB/s
[    8.433208] raid6: .... xor() 22982 MB/s, rmw enabled
[    8.433754] raid6: using avx2x2 recovery algorithm
[    8.435058] xor: automatically using best checksumming function   avx       
[    8.436625] async_tx: api initialized (async)
done.
Begin: Running /scripts/init-premount ... done.
Begin: Mounting root file system ... Begin: Running /scripts/local-top ... done.
Begin: Running /scripts/local-premount ... [    8.472824] Btrfs loaded, crc32c=crc32c-intel
Scanning for Btrfs filesystems
done.
Warning: fsck not present, so skipping root file system
[    8.509371] EXT4-fs (sda1): mounted filesystem with ordered data mode. Opts: (null)
done.
Begin: Running /scripts/local-bottom ... done.
Begin: Running /scripts/init-bottom ... done.
[    8.729935] ip_tables: (C) 2000-2006 Netfilter Core Team
[    8.741428] systemd[1]: systemd 237 running in system mode. (+PAM +AUDIT +SELINUX +IMA +APPARMOR +SMACK +SYSVINIT +UTMP +LIBCRYPTSETUP +GCRYPT +GNUTLS +ACL +XZ +LZ4 +SECCOMP +BLKID +ELFUTILS +KMOD -IDN2 +IDN -PCRE2 default-hierarchy=hybrid)
[    8.745899] systemd[1]: Detected virtualization oracle.
[    8.747011] systemd[1]: Detected architecture x86-64.

Welcome to [1mUbuntu 18.04.6 LTS[0m!

[    8.753941] systemd[1]: Set hostname to <ubuntu>.
[    8.758167] systemd[1]: Initializing machine ID from random generator.
[    8.760161] systemd[1]: Installed transient /etc/machine-id file.
[    9.831996] systemd[1]: Created slice User and Session Slice.
[[0;32m  OK  [0m] Created slice User and Session Slice.
[    9.833343] systemd[1]: Created slice System Slice.
[[0;32m  OK  [0m] Created slice System Slice.
[    9.834403] systemd[1]: Set up automount Arbitrary Executable File Formats File System Automount Point.
[[0;32m  OK  [0m] Set up automount Arbitrary Executab…rmats File System Automount Point.
[    9.836101] systemd[1]: Reached target Slices.
[[0;32m  OK  [0m] Reached target Slices.
[[0;32m  OK  [0m] Listening on fsck to fsckd communication Socket.
[[0;32m  OK  [0m] Created slice system-serial\x2dgetty.slice.
[[0;32m  OK  [0m] Listening on Journal Audit Socket.
[[0;32m  OK  [0m] Listening on Journal Socket.
         Mounting POSIX Message Queue File System...
[[0;32m  OK  [0m] Listening on LVM2 metadata daemon socket.
         Mounting Kernel Debug File System...
[[0;32m  OK  [0m] Listening on Syslog Socket.
         Starting File System Check on Root Device...
         Starting Uncomplicated firewall...
[[0;32m  OK  [0m] Listening on Network Service Netlink Socket.
         Starting Set the console keyboard layout...
[[0;32m  OK  [0m] Reached target Swap.
[[0;32m  OK  [0m] Started Forward Password Requests to Wall Directory Watch.
         Mounting Huge Pages File System...
[[0;32m  OK  [0m] Reached target System Time Synchronized.
[[0;32m  OK  [0m] Listening on LVM2 poll daemon socket.
         Starting Load Kernel Modules...
[[0;32m  OK  [0m] Listening on udev Kernel Socket.
[[0;32m  OK  [0m] Listening on Device-mapper event daemon FIFOs.
         Starting Monitoring of LVM2 mirrors…ng dmeventd or progress polling...
[[0;32m  OK  [0m] Listening on Journal Socket (/dev/log).
[[0;32m  OK  [0m] Reached target User and Group Name Lookups.
         Starting Journal Service...
[[0;32m  OK  [0m] Listening on udev Control Socket.
         Starting Create list of required st…ce nodes for the current kernel...
[[0;32m  OK  [0m] Listening on /dev/initctl Compatibility Named Pipe.
         Starting udev Coldplug all Devices...
[[0;32m  OK  [0m] Mounted POSIX Message Queue File System.
[[0;32m  OK  [0m] Mounted Kernel Debug File System.
[[0;32m  OK  [0m] Started Uncomplicated firewall.
[[0;32m  OK  [0m] Mounted Huge Pages File System.
[[0;32m  OK  [0m] Started File System Check Daemon to report status.
[[0;32m  OK  [0m] Started File System Check on Root Device.
         Starting Remount Root and Kernel File Systems...
[    9.928155] Loading iSCSI transport class v2.0-870.
[    9.934510] iscsi: registered transport (tcp)
[[0;32m  OK  [0m] Started Create list of required sta…vice nodes for the current kernel.
         Starting Create Static Device Nodes in /dev...
[[0;32m  OK  [0m] Started Journal Service.
[   10.028819] EXT4-fs (sda1): re-mounted. Opts: (null)
[[0;32m  OK  [0m] Started Remount Root and Kernel File Systems.
         Starting Load/Save Random Seed...
[   10.035801] iscsi: registered transport (iser)
         Starting Flush Journal to Persistent Storage...
[[0;32m  OK  [0m] Started Load Kernel Modules.
[[0;32m  OK  [0m] Started Create Static Device Nodes in /dev.
[[0;32m  OK  [0m] Started udev Coldplug all Devices.
[[0;32m  OK  [0m] Started LVM2 metadata daemon.
         Starting udev Kernel Device Manager...
         Mounting Kernel Configuration File System...
         Starting Apply Kernel Variables...
         Mounting FUSE Control File System...
[[0;32m  OK  [0m] Started Load/Save Random Seed.
[[0;32m  OK  [0m] Mounted Kernel Configuration File System.
[[0;32m  OK  [0m] Mounted FUSE Control File System.
[   10.105763] systemd-journald[439]: Received request to flush runtime journal from PID 1
[[0;32m  OK  [0m] Started udev Kernel Device Manager.
[[0;32m  OK  [0m] Started Apply Kernel Variables.
[[0;32m  OK  [0m] Started Monitoring of LVM2 mirrors,…sing dmeventd or progress polling.
[[0;32m  OK  [0m] Started Flush Journal to Persistent Storage.
[[0;32m  OK  [0m] Found device /dev/ttyS0.
[[0;32m  OK  [0m] Listening on Load/Save RF Kill Switch Status /dev/rfkill Watch.
[[0;32m  OK  [0m] Started Set the console keyboard layout.
[[0;32m  OK  [0m] Started Dispatch Password Requests to Console Directory Watch.
[[0;32m  OK  [0m] Reached target Local Encrypted Volumes.
[[0;32m  OK  [0m] Reached target Local File Systems (Pre).
[[0;32m  OK  [0m] Reached target Local File Systems.
         Starting Set console font and keymap...
         Starting AppArmor initialization...
         Starting Commit a transient machine-id on disk...
         Starting Tell Plymouth To Write Out Runtime Data...
         Starting ebtables ruleset management...
         Starting Create Volatile Files and Directories...
[[0;32m  OK  [0m] Started Tell Plymouth To Write Out Runtime Data.
[[0;32m  OK  [0m] Started Create Volatile Files and Directories.
         Starting Update UTMP about System Boot/Shutdown...
[[0;32m  OK  [0m] Started Update UTMP about System Boot/Shutdown.
[[0;32m  OK  [0m] Started Commit a transient machine-id on disk.
[[0;32m  OK  [0m] Started ebtables ruleset management.
[[0;32m  OK  [0m] Started AppArmor initialization.
         Starting Initial cloud-init job (pre-networking)...
         Starting Load AppArmor profiles managed internally by snapd...
[[0;32m  OK  [0m] Started Load AppArmor profiles managed internally by snapd.
[[0;32m  OK  [0m] Started Set console font and keymap.
[   12.381177] cloud-init[759]: Cloud-init v. 21.4-0ubuntu1~18.04.1 running 'init-local' at Wed, 23 Feb 2022 21:30:26 +0000. Up 12.12 seconds.
[[0;32m  OK  [0m] Started Initial cloud-init job (pre-networking).
[[0;32m  OK  [0m] Reached target Network (Pre).
         Starting Network Service...
[[0;32m  OK  [0m] Started Network Service.
         Starting Wait for Network to be Configured...
         Starting Network Name Resolution...
[[0;32m  OK  [0m] Started Network Name Resolution.
[[0;32m  OK  [0m] Reached target Host and Network Name Lookups.
[[0;32m  OK  [0m] Reached target Network.
[[0;32m  OK  [0m] Started Wait for Network to be Configured.
         Starting Initial cloud-init job (metadata service crawler)...
[   14.379785] cloud-init[1068]: Cloud-init v. 21.4-0ubuntu1~18.04.1 running 'init' at Wed, 23 Feb 2022 21:30:28 +0000. Up 14.28 seconds.
[   14.380608] cloud-init[1068]: ci-info: ++++++++++++++++++++++++++++++++++++++Net device info+++++++++++++++++++++++++++++++++++++++
[   14.381613] cloud-init[1068]: ci-info: +--------+-------+----------------------------+---------------+--------+-------------------+
[   14.382610] cloud-init[1068]: ci-info: | Device |   Up  |          Address           |      Mask     | Scope  |     Hw-Address    |
[   14.383569] cloud-init[1068]: ci-info: +--------+-------+----------------------------+---------------+--------+-------------------+
[   14.384800] cloud-init[1068]: ci-info: | enp0s3 |  True |         10.0.2.15          | 255.255.255.0 | global | 02:3b:ab:4a:a3:42 |
[   14.385911] cloud-init[1068]: ci-info: | enp0s3 |  True | fe80::3b:abff:fe4a:a342/64 |       .       |  link  | 02:3b:ab:4a:a3:42 |
[   14.386816] cloud-init[1068]: ci-info: | enp0s8 | False |             .              |       .       |   .    | 08:00:27:7a:28:9e |
[   14.387938] cloud-init[1068]: ci-info: |   lo   |  True |         127.0.0.1          |   255.0.0.0   |  host  |         .         |
[   14.389019] cloud-init[1068]: ci-info: |   lo   |  True |          ::1/128           |       .       |  host  |         .         |
[   14.389897] cloud-init[1068]: ci-info: +--------+-------+----------------------------+---------------+--------+-------------------+
[   14.390758] cloud-init[1068]: ci-info: ++++++++++++++++++++++++++++Route IPv4 info+++++++++++++++++++++++++++++
[   14.391521] cloud-init[1068]: ci-info: +-------+-------------+----------+-----------------+-----------+-------+
[   14.392385] cloud-init[1068]: ci-info: | Route | Destination | Gateway  |     Genmask     | Interface | Flags |
[   14.393176] cloud-init[1068]: ci-info: +-------+-------------+----------+-----------------+-----------+-------+
[   14.393933] cloud-init[1068]: ci-info: |   0   |   0.0.0.0   | 10.0.2.2 |     0.0.0.0     |   enp0s3  |   UG  |
[   14.394734] cloud-init[1068]: ci-info: |   1   |   10.0.2.0  | 0.0.0.0  |  255.255.255.0  |   enp0s3  |   U   |
[   14.395533] cloud-init[1068]: ci-info: |   2   |   10.0.2.2  | 0.0.0.0  | 255.255.255.255 |   enp0s3  |   UH  |
[   14.396367] cloud-init[1068]: ci-info: +-------+-------------+----------+-----------------+-----------+-------+
[   14.397106] cloud-init[1068]: ci-info: +++++++++++++++++++Route IPv6 info+++++++++++++++++++
[   14.397839] cloud-init[1068]: ci-info: +-------+-------------+---------+-----------+-------+
[   14.398504] cloud-init[1068]: ci-info: | Route | Destination | Gateway | Interface | Flags |
[   14.399374] cloud-init[1068]: ci-info: +-------+-------------+---------+-----------+-------+
[   14.400396] cloud-init[1068]: ci-info: |   1   |  fe80::/64  |    ::   |   enp0s3  |   U   |
[   14.401218] cloud-init[1068]: ci-info: |   3   |    local    |    ::   |   enp0s3  |   U   |
[   14.401963] cloud-init[1068]: ci-info: |   4   |   ff00::/8  |    ::   |   enp0s3  |   U   |
[   14.402699] cloud-init[1068]: ci-info: +-------+-------------+---------+-----------+-------+
[   15.879669] cloud-init[1068]: Generating public/private rsa key pair.
[   15.880386] cloud-init[1068]: Your identification has been saved in /etc/ssh/ssh_host_rsa_key.
[   15.881026] cloud-init[1068]: Your public key has been saved in /etc/ssh/ssh_host_rsa_key.pub.
[   15.881657] cloud-init[1068]: The key fingerprint is:
[   15.882103] cloud-init[1068]: SHA256:D6O5U/1X2XPYRzpX12eyikc9wdEhwy8DifVGlsS51lg root@ubuntu-bionic
[   15.882773] cloud-init[1068]: The key's randomart image is:
[   15.883247] cloud-init[1068]: +---[RSA 2048]----+
[   15.883673] cloud-init[1068]: |          o.=*oo.|
[   15.884197] cloud-init[1068]: |         . o+=+E.|
[   15.884633] cloud-init[1068]: |            .+*..|
[   15.885050] cloud-init[1068]: |            .*+oB|
[   15.885463] cloud-init[1068]: |        S.  ..oX*|
[   15.885889] cloud-init[1068]: |       o.+. . BoB|
[   15.886320] cloud-init[1068]: |      o.  .+ . =+|
[   15.886758] cloud-init[1068]: |      ..  . + .  |
[   15.887184] cloud-init[1068]: |      ..   . .   |
[   15.887610] cloud-init[1068]: +----[SHA256]-----+
[   15.888112] cloud-init[1068]: Generating public/private dsa key pair.
[   15.888627] cloud-init[1068]: Your identification has been saved in /etc/ssh/ssh_host_dsa_key.
[   15.889263] cloud-init[1068]: Your public key has been saved in /etc/ssh/ssh_host_dsa_key.pub.
[   15.889895] cloud-init[1068]: The key fingerprint is:
[   15.890379] cloud-init[1068]: SHA256:RLNAj140hQmNEEJ91u3gZ6SXIIklxlNaGfzWot7bVgI root@ubuntu-bionic
[   15.891057] cloud-init[1068]: The key's randomart image is:
[   15.891522] cloud-init[1068]: +---[DSA 1024]----+
[   15.891840] cloud-init[1068]: | .oo=OOO==.      |
[   15.892556] cloud-init[1068]: |   o=+O*B+o      |
[   15.893341] cloud-init[1068]: |    .+.+=B .     |
[   15.894129] cloud-init[1068]: |     . oE B      |
[   15.894921] cloud-init[1068]: |      .oS*       |
[   15.895719] cloud-init[1068]: |      .   . .    |
[   15.896385] cloud-init[1068]: |     . .   o     |
[   15.896820] cloud-init[1068]: |      . ...      |
[   15.897234] cloud-init[1068]: |        .o.      |
[   15.897662] cloud-init[1068]: +----[SHA256]-----+
[   15.898082] cloud-init[1068]: Generating public/private ecdsa key pair.
[   15.898607] cloud-init[1068]: Your identification has been saved in /etc/ssh/ssh_host_ecdsa_key.
[   15.899260] cloud-init[1068]: Your public key has been saved in /etc/ssh/ssh_host_ecdsa_key.pub.
[   15.899905] cloud-init[1068]: The key fingerprint is:
[   15.900434] cloud-init[1068]: SHA256:UJfxCGJkyxDq9Hbx0cPFeHfQJH9oLZRx0/vKTjCmBqc root@ubuntu-bionic
[   15.901088] cloud-init[1068]: The key's randomart image is:
[   15.901566] cloud-init[1068]: +---[ECDSA 256]---+
[   15.901987] cloud-init[1068]: |    oo= o o=. =B+|
[   15.902415] cloud-init[1068]: |   . = + =o+o.o*=|
[   15.902825] cloud-init[1068]: |  o   = . =...+.=|
[   15.903255] cloud-init[1068]: | o .   + . . . o.|
[   15.903680] cloud-init[1068]: |  . o . S . +   .|
[   15.904175] cloud-init[1068]: |   . .   + o o  .|
[   15.904597] cloud-init[1068]: |        E o  ... |
[   15.905023] cloud-init[1068]: |         .   .o  |
[   15.905449] cloud-init[1068]: |             ..  |
[   15.905886] cloud-init[1068]: +----[SHA256]-----+
[   15.906307] cloud-init[1068]: Generating public/private ed25519 key pair.
[   15.906833] cloud-init[1068]: Your identification has been saved in /etc/ssh/ssh_host_ed25519_key.
[   15.907494] cloud-init[1068]: Your public key has been saved in /etc/ssh/ssh_host_ed25519_key.pub.
[   15.908193] cloud-init[1068]: The key fingerprint is:
[   15.908636] cloud-init[1068]: SHA256:3wl2+kvgHwZWCUsEi1uCcs6f6O0vm7YZ4GbntKzwZRw root@ubuntu-bionic[[0;32m  OK  [0m] Started Initial cloud-init job (metadata service crawler).
[[0;32m  OK  [0m] Reached target Cloud-config availability.
[[0;32m  OK  [0m] Reached target Network is Online.

[   15.910544] cloud-init[1068]: The key's randomart image is:         Starting Availability of block devices...
[[0;32m  OK  [0m] Reached target Remote File Systems (Pre).
[[0;32m  OK  [0m] Reached target Remote File Systems.
[[0;32m  OK  [0m] Reached target System Initialization.
[[0;32m  OK  [0m] Listening on ACPID Listen Socket.

[   15.912639] cloud-init[1068]: +--[ED25519 256]--+
[   15.913377]          Starting LXD - unix socket.
cloud-init[[0;32m  OK  [0m] Started Daily apt download activities.
[[0;32m  OK  [0m] Listening on Open-iSCSI iscsid Socket.
[1068]: |        .o+      |[[0;32m  OK  [0m] Listening on UUID daemon activation socket.

[[0;32m  OK  [0m] Started Trigger to poll for Ubuntu …(Only enabled on GCP LTS non-pro).
[[0;32m  OK  [0m] Started Message of the Day.
[[0;32m  OK  [0m] Started Daily apt upgrade and clean activities.
[[0;32m  OK  [0m] Started Ubuntu Advantage Timer for running repeated jobs.
[[0;32m  OK  [0m] Started Daily Cleanup of Temporary Directories.
[[0;32m  OK  [0m] Started Discard unused blocks once a week.
[[0;32m  OK  [0m] Reached target Timers.
[[0;32m  OK  [0m] Listening on D-Bus System Message Bus Socket.
         Starting Socket activation for snappy daemon.
[   15.915902] [[0;32m  OK  [0m] Listening on cloud-init hotplug hook socket.
cloud-init[1068]: |     . . o o .   |[[0;32m  OK  [0m] Started ACPI Events Check.
[[0;32m  OK  [0m] Reached target Paths.

[[0;32m  OK  [0m] Listening on LXD - unix socket.
[[0;32m  OK  [0m] Listening on Socket activation for snappy daemon.
[[0;32m  OK  [0m] Reached target Sockets.
[[0;32m  OK  [0m] Reached target Basic System.
[   15.922371] cloud-init[1068]: |  . o o o . o    |[[0;32m  OK  [0m] Started D-Bus System Message Bus.

[   15.923177] cloud-init[1068]: |   =   +   .     |
[   15.936121] cloud-init[1068]: |    + E S * .    |
[   15.948171] cloud-init[1068]: |   . = o = B .   |
         Starting LSB: Record successful boot for GRUB...
[   15.960403] cloud-init[1068]: |  . = X   + *    |
[   15.961428] cloud-init[1068]: |   * Oo=   = .   |
         Starting Login Service...
[[0;32m  OK  [0m] Started Deferred execution scheduler.
         Starting LSB: automatic crash report generation...
[   15.964040] cloud-init[1068]: |    ++@=.   +.   |
[   15.964395]          cloud-initStarting Accounts Service...[1068]: 
+----[SHA256]-----+
[[0;32m  OK  [0m] Started Regular background program processing daemon.
         Starting Snap Daemon...
         Starting Pollinate to seed the pseudo random number generator...
         Starting Virtualbox guest utils...
         Starting Dispatcher daemon for systemd-networkd...
[[0;32m  OK  [0m] Started irqbalance daemon.
         Starting Permit User Sessions...
         Starting System Logging Service...
         Starting LXD - container startup/shutdown...
[[0;32m  OK  [0m] Started FUSE filesystem for LXC.
[[0;32m  OK  [0m] Started Availability of block devices.
[[0;32m  OK  [0m] Started Login Service.
[[0;32m  OK  [0m] Started System Logging Service.
[[0;32m  OK  [0m] Started Permit User Sessions.
         Starting Terminate Plymouth Boot Screen...
         Starting Hold until boot process finishes up...
         Starting Authorization Manager...
[[0;32m  OK  [0m] Started Unattended Upgrades Shutdown.
[[0;32m  OK  [0m] Started Hold until boot process finishes up.
[[0;32m  OK  [0m] Started Terminate Plymouth Boot Screen.
         Starting Set console scheme...
[[0;32m  OK  [0m] Started Serial Getty on ttyS0.
[[0;32m  OK  [0m] Started LSB: automatic crash report generation.
[[0;32m  OK  [0m] Started Set console scheme.
[[0;32m  OK  [0m] Created slice system-getty.slice.
[[0;32m  OK  [0m] Started Getty on tty1.
[[0;32m  OK  [0m] Reached target Login Prompts.
[[0;32m  OK  [0m] Started LSB: Record successful boot for GRUB.
[[0;32m  OK  [0m] Started Authorization Manager.
[[0;32m  OK  [0m] Started Accounts Service.
[[0;32m  OK  [0m] Started Virtualbox guest utils.
[[0;32m  OK  [0m] Started Dispatcher daemon for systemd-networkd.
[[0;32m  OK  [0m] Started LXD - container startup/shutdown.
[[0;32m  OK  [0m] Started Snap Daemon.
         Starting Wait until snapd is fully seeded...
         Starting Time & Date Service...
[[0;32m  OK  [0m] Started Time & Date Service.
[[0;32m  OK  [0m] Started Wait until snapd is fully seeded.
         Starting Apply the settings specified in cloud-config...
[[0;32m  OK  [0m] Started Pollinate to seed the pseudo random number generator.
         Starting OpenBSD Secure Shell server...
[[0;32m  OK  [0m] Started OpenBSD Secure Shell server.
[[0;32m  OK  [0m] Reached target Multi-User System.
[[0;32m  OK  [0m] Reached target Graphical Interface.
         Starting Update UTMP about System Runlevel Changes...
[[0;32m  OK  [0m] Started Update UTMP about System Runlevel Changes.
[   18.605396] cloud-init[1654]: Cloud-init v. 21.4-0ubuntu1~18.04.1 running 'modules:config' at Wed, 23 Feb 2022 21:30:32 +0000. Up 18.30 seconds.
[[0;32m  OK  [0m] Started Apply the settings specified in cloud-config.
         Starting Execute cloud user/final scripts...
ci-info: no authorized SSH keys fingerprints found for user ubuntu.
<14>Feb 23 21:30:32 cloud-init: #############################################################
<14>Feb 23 21:30:32 cloud-init: -----BEGIN SSH HOST KEY FINGERPRINTS-----
<14>Feb 23 21:30:32 cloud-init: 1024 SHA256:RLNAj140hQmNEEJ91u3gZ6SXIIklxlNaGfzWot7bVgI root@ubuntu-bionic (DSA)
<14>Feb 23 21:30:32 cloud-init: 256 SHA256:UJfxCGJkyxDq9Hbx0cPFeHfQJH9oLZRx0/vKTjCmBqc root@ubuntu-bionic (ECDSA)
<14>Feb 23 21:30:32 cloud-init: 256 SHA256:3wl2+kvgHwZWCUsEi1uCcs6f6O0vm7YZ4GbntKzwZRw root@ubuntu-bionic (ED25519)
<14>Feb 23 21:30:32 cloud-init: 2048 SHA256:D6O5U/1X2XPYRzpX12eyikc9wdEhwy8DifVGlsS51lg root@ubuntu-bionic (RSA)
<14>Feb 23 21:30:32 cloud-init: -----END SSH HOST KEY FINGERPRINTS-----
<14>Feb 23 21:30:32 cloud-init: #############################################################
-----BEGIN SSH HOST KEY KEYS-----
ecdsa-sha2-nistp256 AAAAE2VjZHNhLXNoYTItbmlzdHAyNTYAAAAIbmlzdHAyNTYAAABBBOBeDibmY8c88I/sC7rxz34Eh6PxtLgY1xd5rxEXeFTwzpCY0/YZwvmobd1ZPJxmPVLNkc918e+D2bMvUR04D6A= root@ubuntu-bionic
ssh-ed25519 AAAAC3NzaC1lZDI1NTE5AAAAIO4M84gT/ohdPAbR66axui6A3kCZq4KJfoLz6ztDY/Kf root@ubuntu-bionic
ssh-rsa AAAAB3NzaC1yc2EAAAADAQABAAABAQDQembmTA43YrO+jZNronpVtSg/usw6Z7TfyvCELr0mVL0EBSwQnwuGHe2Pk79njNGOKuAMefIZiFLFKubYJHqmsX3oy0xoIP07mQupjoG/kdEWqBhdDOFXw/n0h1tuJK7h3A9uIE4XR6Fm9uCsTKkFSCe8HlOP88etRQSbNS+606jflgVH4gA6twDSWFfI5fBMUf5eLMemkoxi4XGJqlZhIZtbG2K4rjjyhlyiK9DHKZVvHkOnTgHH45BvBy67+ysBAWqf+oorDHLJoNkr4TygSNuRdEVhFm4lFmnhJP6J2MvdiDR3lQzsQO6mXG3TEEPaG4DyB3VaOQaQa9DUI/Tz root@ubuntu-bionic
-----END SSH HOST KEY KEYS-----
[   19.007212] cloud-init[1744]: Cloud-init v. 21.4-0ubuntu1~18.04.1 running 'modules:final' at Wed, 23 Feb 2022 21:30:32 +0000. Up 18.88 seconds.
[   19.008538] cloud-init[1744]: ci-info: no authorized SSH keys fingerprints found for user ubuntu.
[   19.009565] cloud-init[1744]: Cloud-init v. 21.4-0ubuntu1~18.04.1 finished at Wed, 23 Feb 2022 21:30:32 +0000. Datasource DataSourceNoCloud [seed=/dev/sdb][dsmode=net].  Up 19.00 seconds
[[0;32m  OK  [0m] Started Execute cloud user/final scripts.
[[0;32m  OK  [0m] Reached target Cloud-init target.

Ubuntu 18.04.6 LTS ubuntu-bionic ttyS0

ubuntu-bionic login: 